<?xml version="1.0" encoding="UTF-8"?>
<!-- Generated by org.testng.reporters.JUnitReportReporter -->
<testsuite hostname="DESKTOP-3HTAQP9" name="com.portest.ContractAPI" tests="1" failures="0" timestamp="28 Mar 2023 10:36:39 GMT" time="6.774" errors="0">
  <testcase name="verifyGetContract" time="6.774" classname="com.portest.ContractAPI"/>
</testsuite> <!-- com.portest.ContractAPI -->
