<?xml version="1.0" encoding="UTF-8"?>
<!-- Generated by org.testng.reporters.JUnitReportReporter -->
<testsuite hostname="DESKTOP-3HTAQP9" name="com.portest.FindCustomerID" tests="1" failures="0" timestamp="31 Oct 2023 11:09:07 GMT" time="199.703" errors="0">
  <testcase name="verifyGetContractbyID_log" time="199.703" classname="com.portest.FindCustomerID"/>
</testsuite> <!-- com.portest.FindCustomerID -->
