<?xml version="1.0" encoding="UTF-8"?>
<!-- Generated by org.testng.reporters.JUnitReportReporter -->
<testsuite hostname="DESKTOP-3HTAQP9" name="com.portest.ContractAPITest" tests="1" failures="0" timestamp="28 Mar 2023 11:05:43 GMT" time="2.512" errors="0">
  <testcase name="verifyGetContract" time="2.512" classname="com.portest.ContractAPITest"/>
</testsuite> <!-- com.portest.ContractAPITest -->
