<?xml version="1.0" encoding="UTF-8"?>
<!-- Generated by org.testng.reporters.JUnitReportReporter -->
<testsuite hostname="DESKTOP-3HTAQP9" name="com.portest.APITests" tests="1" failures="0" timestamp="21 Mar 2023 12:28:29 GMT" time="15.740" errors="0">
  <testcase name="verifyConsumerPortalLoginwithInvalidOrgId" time="15.740" classname="com.portest.APITests"/>
</testsuite> <!-- com.portest.APITests -->
